<?xml version="1.0" encoding="utf-8"?><testsuites name="pytest tests"><testsuite name="pytest" errors="0" failures="0" skipped="0" tests="11" time="1.403" timestamp="2026-06-18T14:09:56.813836+00:00" hostname="agent-env-301129e4-3cf9-47fd-bdcf-8a1e4795f52a"><testcase classname="backend.tests.backend_test.TestHealth" name="test_health_returns_ok" time="0.159" /><testcase classname="backend.tests.backend_test.TestNewsletter" name="test_subscribe_new_email" time="0.135" /><testcase classname="backend.tests.backend_test.TestNewsletter" name="test_subscribe_duplicate_email_returns_already_subscribed" time="0.154" /><testcase classname="backend.tests.backend_test.TestNewsletter" name="test_subscribe_invalid_email_rejected" time="0.092" /><testcase classname="backend.tests.backend_test.TestNewsletter" name="test_subscribe_missing_email_rejected" time="0.093" /><testcase classname="backend.tests.backend_test.TestContact" name="test_submit_contact_success" time="0.104" /><testcase classname="backend.tests.backend_test.TestContact" name="test_submit_contact_missing_fields" time="0.099" /><testcase classname="backend.tests.backend_test.TestContact" name="test_submit_contact_invalid_email" time="0.106" /><testcase classname="backend.tests.backend_test.TestVolunteer" name="test_submit_volunteer_full_payload" time="0.122" /><testcase classname="backend.tests.backend_test.TestVolunteer" name="test_submit_volunteer_minimal_payload" time="0.121" /><testcase classname="backend.tests.backend_test.TestVolunteer" name="test_submit_volunteer_missing_required" time="0.095" /></testsuite></testsuites>